2018-10-24 14:20:05 [127.0.0.1][1][ott8f7e77mtmub60nb3n4kar21][error][yii\base\ErrorException:1] exception 'yii\base\ErrorException' with message 'Call to undefined method GuzzleHttp\Url::to()' in C:\phpStudy\PHPTutorial\WWW\Feehi_CMS\common\models\Category.php:177
Stack trace:
#0 C:\phpStudy\PHPTutorial\WWW\Feehi_CMS\vendor\yiisoft\yii2\base\View.php(336): ::unknown()
#1 C:\phpStudy\PHPTutorial\WWW\Feehi_CMS\vendor\yiisoft\yii2\base\View.php(254): yii\base\View->renderPhpFile()
#2 C:\phpStudy\PHPTutorial\WWW\Feehi_CMS\vendor\yiisoft\yii2\base\View.php(156): yii\base\View->renderFile()
#3 C:\phpStudy\PHPTutorial\WWW\Feehi_CMS\backend\views\frontend-menu\update.php(21): yii\base\View->render()
#4 C:\phpStudy\PHPTutorial\WWW\Feehi_CMS\vendor\yiisoft\yii2\base\View.php(336): ::unknown()
#5 C:\phpStudy\PHPTutorial\WWW\Feehi_CMS\vendor\yiisoft\yii2\base\View.php(254): yii\base\View->renderPhpFile()
#6 C:\phpStudy\PHPTutorial\WWW\Feehi_CMS\vendor\yiisoft\yii2\base\View.php(156): yii\base\View->renderFile()
#7 C:\phpStudy\PHPTutorial\WWW\Feehi_CMS\vendor\yiisoft\yii2\base\Controller.php(384): yii\base\View->render()
#8 C:\phpStudy\PHPTutorial\WWW\Feehi_CMS\backend\actions\UpdateAction.php(85): yii\base\Controller->render()
#9 C:\phpStudy\PHPTutorial\WWW\Feehi_CMS\vendor\yiisoft\yii2\base\Action.php(94): backend\actions\UpdateAction->run()
#10 C:\phpStudy\PHPTutorial\WWW\Feehi_CMS\vendor\yiisoft\yii2\base\Action.php(94): ::call_user_func_array:{C:\phpStudy\PHPTutorial\WWW\Feehi_CMS\vendor\yiisoft\yii2\base\Action.php:94}()
#11 C:\phpStudy\PHPTutorial\WWW\Feehi_CMS\vendor\yiisoft\yii2\base\Controller.php(157): yii\base\Action->runWithParams()
#12 C:\phpStudy\PHPTutorial\WWW\Feehi_CMS\vendor\yiisoft\yii2\base\Module.php(528): yii\base\Controller->runAction()
#13 C:\phpStudy\PHPTutorial\WWW\Feehi_CMS\vendor\yiisoft\yii2\web\Application.php(103): yii\base\Module->runAction()
#14 C:\phpStudy\PHPTutorial\WWW\Feehi_CMS\vendor\yiisoft\yii2\base\Application.php(386): yii\web\Application->handleRequest()
#15 C:\phpStudy\PHPTutorial\WWW\Feehi_CMS\frontend\web\admin\index.php(18): yii\base\Application->run()
#16 {main}
2018-10-24 14:20:03 [127.0.0.1][1][ott8f7e77mtmub60nb3n4kar21][info][application] $_GET = [
    'r' => 'frontend-menu/update'
    'id' => '24'
]

$_POST = []

$_FILES = []

$_COOKIE = [
    'PHPSESSID' => '5r1k04lvauk34rh90mh57gm0c5'
    '_csrf_install' => '4639063d5619d6e191f36ac0364ea19f7771b878bd4eabc1d783d9fdf19112dfa:2:{i:0;s:13:\"_csrf_install\";i:1;s:32:\"zRQmg8uWUHqw1mf9PZhgzFyPHIvEJmbt\";}'
    '_csrf' => '0bb3cbf0b49cb7c8b5ee0b1597bcec663a7f962b4f83b7434e370b8e976a6525a:2:{i:0;s:5:\"_csrf\";i:1;s:32:\"H779I-FQneE7fk0JtUPdKdteaH7AF_8H\";}'
    'BACKEND_FEEHICMS' => 'ott8f7e77mtmub60nb3n4kar21'
    '_csrf_backend' => '8940492d5a3dfef77f2456352f60e005a2ca2168d24fec14f6bb20a10047e20da:2:{i:0;s:13:\"_csrf_backend\";i:1;s:32:\"dkiUwW3r0iAYL_vi_6zrCgNgYhSDlvzv\";}'
]

$_SESSION = [
    '__flash' => []
    '__captcha/site/captcha' => 'gszw'
    '__captcha/site/captchacount' => 1
    '_backend_returnUrl' => '/admin/'
    '__backend__id' => '1'
]

$_SERVER = [
    'ALLUSERSPROFILE' => 'C:\\ProgramData'
    'APPDATA' => 'C:\\Users\\Administrator\\AppData\\Roaming'
    'CommonProgramFiles' => 'C:\\Program Files (x86)\\Common Files'
    'CommonProgramFiles(x86)' => 'C:\\Program Files (x86)\\Common Files'
    'CommonProgramW6432' => 'C:\\Program Files\\Common Files'
    'COMPUTERNAME' => 'SKY-20180307VXU'
    'ComSpec' => 'C:\\WINDOWS\\system32\\cmd.exe'
    'DriverData' => 'C:\\Windows\\System32\\Drivers\\DriverData'
    'FPS_BROWSER_APP_PROFILE_STRING' => 'Internet Explorer'
    'FPS_BROWSER_USER_PROFILE_STRING' => 'Default'
    'HOMEDRIVE' => 'C:'
    'HOMEPATH' => '\\Users\\Administrator'
    'LOCALAPPDATA' => 'C:\\Users\\Administrator\\AppData\\Local'
    'LOGONSERVER' => '\\\\SKY-20180307VXU'
    'NUMBER_OF_PROCESSORS' => '4'
    'OneDrive' => 'C:\\Users\\Administrator\\OneDrive'
    'OS' => 'Windows_NT'
    'Path' => 'C:\\WINDOWS\\system32;C:\\WINDOWS;C:\\WINDOWS\\System32\\Wbem;C:\\WINDOWS\\System32\\WindowsPowerShell\\v1.0\\;C:\\phpStudy\\PHPTutorial\\tools\\composer;C:\\phpStudy\\PHPTutorial\\php\\php-5.6.27-nts;C:\\Users\\Administrator\\.dnx\\bin;C:\\Program Files\\Microsoft DNX\\Dnvm\\;C:\\Program Files\\Microsoft SQL Server\\120\\Tools\\Binn\\;C:\\Program Files\\Microsoft SQL Server\\130\\Tools\\Binn\\;C:\\Program Files\\Git\\cmd;C:\\Program Files (x86)\\Microsoft SQL Server\\100\\Tools\\Binn\\;C:\\Program Files\\Microsoft SQL Server\\100\\Tools\\Binn\\;C:\\Program Files\\Microsoft SQL Server\\100\\DTS\\Binn\\;C:\\Program Files (x86)\\Microsoft SQL Server\\100\\Tools\\Binn\\VSShell\\Common7\\IDE\\;C:\\Program Files (x86)\\Microsoft Visual Studio 9.0\\Common7\\IDE\\PrivateAssemblies\\;C:\\Program Files (x86)\\Microsoft SQL Server\\100\\DTS\\Binn\\;C:\\WINDOWS\\System32\\OpenSSH\\;C:\\Users\\Administrator\\AppData\\Local\\Microsoft\\WindowsApps'
    'PATHEXT' => '.COM;.EXE;.BAT;.CMD;.VBS;.VBE;.JS;.JSE;.WSF;.WSH;.MSC'
    'PROCESSOR_ARCHITECTURE' => 'x86'
    'PROCESSOR_ARCHITEW6432' => 'AMD64'
    'PROCESSOR_IDENTIFIER' => 'Intel64 Family 6 Model 60 Stepping 3, GenuineIntel'
    'PROCESSOR_LEVEL' => '6'
    'PROCESSOR_REVISION' => '3c03'
    'ProgramData' => 'C:\\ProgramData'
    'ProgramFiles' => 'C:\\Program Files (x86)'
    'ProgramFiles(x86)' => 'C:\\Program Files (x86)'
    'ProgramW6432' => 'C:\\Program Files'
    'PROMPT' => '$P$G'
    'PSModulePath' => 'C:\\WINDOWS\\system32\\WindowsPowerShell\\v1.0\\Modules\\'
    'PUBLIC' => 'C:\\Users\\Public'
    'SystemDrive' => 'C:'
    'SystemRoot' => 'C:\\WINDOWS'
    'TEMP' => 'C:\\Users\\ADMINI~1\\AppData\\Local\\Temp'
    'TMP' => 'C:\\Users\\ADMINI~1\\AppData\\Local\\Temp'
    'USERDOMAIN' => 'SKY-20180307VXU'
    'USERDOMAIN_ROAMINGPROFILE' => 'SKY-20180307VXU'
    'USERNAME' => 'Administrator'
    'USERPROFILE' => 'C:\\Users\\Administrator'
    'VBOX_MSI_INSTALL_PATH' => 'C:\\Program Files\\Oracle\\VirtualBox\\'
    'VS100COMNTOOLS' => 'C:\\Program Files (x86)\\Microsoft Visual Studio 10.0\\Common7\\Tools\\'
    'VS140COMNTOOLS' => 'C:\\Program Files (x86)\\Microsoft Visual Studio 14.0\\Common7\\Tools\\'
    'WEBKIT_IGNORE_SSL_ERRORS' => '1'
    'windir' => 'C:\\WINDOWS'
    'HTTP_COOKIE' => 'PHPSESSID=5r1k04lvauk34rh90mh57gm0c5; _csrf_install=4639063d5619d6e191f36ac0364ea19f7771b878bd4eabc1d783d9fdf19112dfa%3A2%3A%7Bi%3A0%3Bs%3A13%3A%22_csrf_install%22%3Bi%3A1%3Bs%3A32%3A%22zRQmg8uWUHqw1mf9PZhgzFyPHIvEJmbt%22%3B%7D; _csrf=0bb3cbf0b49cb7c8b5ee0b1597bcec663a7f962b4f83b7434e370b8e976a6525a%3A2%3A%7Bi%3A0%3Bs%3A5%3A%22_csrf%22%3Bi%3A1%3Bs%3A32%3A%22H779I-FQneE7fk0JtUPdKdteaH7AF_8H%22%3B%7D; BACKEND_FEEHICMS=ott8f7e77mtmub60nb3n4kar21; _csrf_backend=8940492d5a3dfef77f2456352f60e005a2ca2168d24fec14f6bb20a10047e20da%3A2%3A%7Bi%3A0%3Bs%3A13%3A%22_csrf_backend%22%3Bi%3A1%3Bs%3A32%3A%22dkiUwW3r0iAYL_vi_6zrCgNgYhSDlvzv%22%3B%7D'
    'HTTP_ACCEPT_LANGUAGE' => 'zh-CN,zh;q=0.9'
    'HTTP_ACCEPT_ENCODING' => 'gzip, deflate'
    'HTTP_REFERER' => 'http://fee.com:8081/admin/index.php?r=frontend-menu%2Fupdate&id=24'
    'HTTP_ACCEPT' => 'text/html,application/xhtml+xml,application/xml;q=0.9,image/webp,image/apng,*/*;q=0.8'
    'HTTP_USER_AGENT' => 'Mozilla/5.0 (Windows NT 10.0; Win64; x64) AppleWebKit/537.36 (KHTML, like Gecko) Chrome/69.0.3497.100 Safari/537.36'
    'HTTP_UPGRADE_INSECURE_REQUESTS' => '1'
    'HTTP_CACHE_CONTROL' => 'no-cache'
    'HTTP_PRAGMA' => 'no-cache'
    'HTTP_CONNECTION' => 'keep-alive'
    'HTTP_HOST' => 'fee.com:8081'
    'REDIRECT_STATUS' => '200'
    'SERVER_NAME' => 'fee.com'
    'SERVER_PORT' => '8081'
    'SERVER_ADDR' => '127.0.0.1'
    'REMOTE_PORT' => '2333'
    'REMOTE_ADDR' => '127.0.0.1'
    'SERVER_SOFTWARE' => 'nginx/1.11.5'
    'GATEWAY_INTERFACE' => 'CGI/1.1'
    'SERVER_PROTOCOL' => 'HTTP/1.1'
    'DOCUMENT_ROOT' => 'C:\\phpStudy\\PHPTutorial\\WWW\\Feehi_CMS\\frontend\\web'
    'DOCUMENT_URI' => '/admin/index.php'
    'REQUEST_URI' => '/admin/index.php?r=frontend-menu%2Fupdate&id=24'
    'SCRIPT_NAME' => '/admin/index.php'
    'CONTENT_LENGTH' => ''
    'CONTENT_TYPE' => ''
    'REQUEST_METHOD' => 'GET'
    'QUERY_STRING' => 'r=frontend-menu%2Fupdate&id=24'
    'PATH_TRANSLATED' => 'C:\\phpStudy\\PHPTutorial\\WWW\\Feehi_CMS\\frontend\\web'
    'PATH_INFO' => ''
    'SCRIPT_FILENAME' => 'C:\\phpStudy\\PHPTutorial\\WWW\\Feehi_CMS\\frontend\\web/admin/index.php'
    'FCGI_ROLE' => 'RESPONDER'
    'PHP_SELF' => '/admin/index.php'
    'REQUEST_TIME_FLOAT' => 1540362003.4587
    'REQUEST_TIME' => 1540362003
]
2018-10-24 14:24:40 [127.0.0.1][1][ott8f7e77mtmub60nb3n4kar21][error][yii\base\ErrorException:8] exception 'yii\base\ErrorException' with message 'Use of undefined constant id - assumed 'id'' in C:\phpStudy\PHPTutorial\WWW\Feehi_CMS\common\models\Category.php:177
Stack trace:
#0 C:\phpStudy\PHPTutorial\WWW\Feehi_CMS\vendor\yiisoft\yii2\base\View.php(336): ::unknown()
#1 C:\phpStudy\PHPTutorial\WWW\Feehi_CMS\vendor\yiisoft\yii2\base\View.php(254): yii\base\View->renderPhpFile()
#2 C:\phpStudy\PHPTutorial\WWW\Feehi_CMS\vendor\yiisoft\yii2\base\View.php(156): yii\base\View->renderFile()
#3 C:\phpStudy\PHPTutorial\WWW\Feehi_CMS\backend\views\frontend-menu\update.php(21): yii\base\View->render()
#4 C:\phpStudy\PHPTutorial\WWW\Feehi_CMS\vendor\yiisoft\yii2\base\View.php(336): ::unknown()
#5 C:\phpStudy\PHPTutorial\WWW\Feehi_CMS\vendor\yiisoft\yii2\base\View.php(254): yii\base\View->renderPhpFile()
#6 C:\phpStudy\PHPTutorial\WWW\Feehi_CMS\vendor\yiisoft\yii2\base\View.php(156): yii\base\View->renderFile()
#7 C:\phpStudy\PHPTutorial\WWW\Feehi_CMS\vendor\yiisoft\yii2\base\Controller.php(384): yii\base\View->render()
#8 C:\phpStudy\PHPTutorial\WWW\Feehi_CMS\backend\actions\UpdateAction.php(85): yii\base\Controller->render()
#9 C:\phpStudy\PHPTutorial\WWW\Feehi_CMS\vendor\yiisoft\yii2\base\Action.php(94): backend\actions\UpdateAction->run()
#10 C:\phpStudy\PHPTutorial\WWW\Feehi_CMS\vendor\yiisoft\yii2\base\Action.php(94): ::call_user_func_array:{C:\phpStudy\PHPTutorial\WWW\Feehi_CMS\vendor\yiisoft\yii2\base\Action.php:94}()
#11 C:\phpStudy\PHPTutorial\WWW\Feehi_CMS\vendor\yiisoft\yii2\base\Controller.php(157): yii\base\Action->runWithParams()
#12 C:\phpStudy\PHPTutorial\WWW\Feehi_CMS\vendor\yiisoft\yii2\base\Module.php(528): yii\base\Controller->runAction()
#13 C:\phpStudy\PHPTutorial\WWW\Feehi_CMS\vendor\yiisoft\yii2\web\Application.php(103): yii\base\Module->runAction()
#14 C:\phpStudy\PHPTutorial\WWW\Feehi_CMS\vendor\yiisoft\yii2\base\Application.php(386): yii\web\Application->handleRequest()
#15 C:\phpStudy\PHPTutorial\WWW\Feehi_CMS\frontend\web\admin\index.php(18): yii\base\Application->run()
#16 {main}
2018-10-24 14:24:39 [127.0.0.1][1][ott8f7e77mtmub60nb3n4kar21][info][application] $_GET = [
    'r' => 'frontend-menu/update'
    'id' => '24'
]

$_POST = []

$_FILES = []

$_COOKIE = [
    'PHPSESSID' => '5r1k04lvauk34rh90mh57gm0c5'
    '_csrf_install' => '4639063d5619d6e191f36ac0364ea19f7771b878bd4eabc1d783d9fdf19112dfa:2:{i:0;s:13:\"_csrf_install\";i:1;s:32:\"zRQmg8uWUHqw1mf9PZhgzFyPHIvEJmbt\";}'
    '_csrf' => '0bb3cbf0b49cb7c8b5ee0b1597bcec663a7f962b4f83b7434e370b8e976a6525a:2:{i:0;s:5:\"_csrf\";i:1;s:32:\"H779I-FQneE7fk0JtUPdKdteaH7AF_8H\";}'
    'BACKEND_FEEHICMS' => 'ott8f7e77mtmub60nb3n4kar21'
    '_csrf_backend' => '8940492d5a3dfef77f2456352f60e005a2ca2168d24fec14f6bb20a10047e20da:2:{i:0;s:13:\"_csrf_backend\";i:1;s:32:\"dkiUwW3r0iAYL_vi_6zrCgNgYhSDlvzv\";}'
]

$_SESSION = [
    '__flash' => []
    '__captcha/site/captcha' => 'gszw'
    '__captcha/site/captchacount' => 1
    '_backend_returnUrl' => '/admin/'
    '__backend__id' => '1'
]

$_SERVER = [
    'ALLUSERSPROFILE' => 'C:\\ProgramData'
    'APPDATA' => 'C:\\Users\\Administrator\\AppData\\Roaming'
    'CommonProgramFiles' => 'C:\\Program Files (x86)\\Common Files'
    'CommonProgramFiles(x86)' => 'C:\\Program Files (x86)\\Common Files'
    'CommonProgramW6432' => 'C:\\Program Files\\Common Files'
    'COMPUTERNAME' => 'SKY-20180307VXU'
    'ComSpec' => 'C:\\WINDOWS\\system32\\cmd.exe'
    'DriverData' => 'C:\\Windows\\System32\\Drivers\\DriverData'
    'FPS_BROWSER_APP_PROFILE_STRING' => 'Internet Explorer'
    'FPS_BROWSER_USER_PROFILE_STRING' => 'Default'
    'HOMEDRIVE' => 'C:'
    'HOMEPATH' => '\\Users\\Administrator'
    'LOCALAPPDATA' => 'C:\\Users\\Administrator\\AppData\\Local'
    'LOGONSERVER' => '\\\\SKY-20180307VXU'
    'NUMBER_OF_PROCESSORS' => '4'
    'OneDrive' => 'C:\\Users\\Administrator\\OneDrive'
    'OS' => 'Windows_NT'
    'Path' => 'C:\\WINDOWS\\system32;C:\\WINDOWS;C:\\WINDOWS\\System32\\Wbem;C:\\WINDOWS\\System32\\WindowsPowerShell\\v1.0\\;C:\\phpStudy\\PHPTutorial\\tools\\composer;C:\\phpStudy\\PHPTutorial\\php\\php-5.6.27-nts;C:\\Users\\Administrator\\.dnx\\bin;C:\\Program Files\\Microsoft DNX\\Dnvm\\;C:\\Program Files\\Microsoft SQL Server\\120\\Tools\\Binn\\;C:\\Program Files\\Microsoft SQL Server\\130\\Tools\\Binn\\;C:\\Program Files\\Git\\cmd;C:\\Program Files (x86)\\Microsoft SQL Server\\100\\Tools\\Binn\\;C:\\Program Files\\Microsoft SQL Server\\100\\Tools\\Binn\\;C:\\Program Files\\Microsoft SQL Server\\100\\DTS\\Binn\\;C:\\Program Files (x86)\\Microsoft SQL Server\\100\\Tools\\Binn\\VSShell\\Common7\\IDE\\;C:\\Program Files (x86)\\Microsoft Visual Studio 9.0\\Common7\\IDE\\PrivateAssemblies\\;C:\\Program Files (x86)\\Microsoft SQL Server\\100\\DTS\\Binn\\;C:\\WINDOWS\\System32\\OpenSSH\\;C:\\Users\\Administrator\\AppData\\Local\\Microsoft\\WindowsApps'
    'PATHEXT' => '.COM;.EXE;.BAT;.CMD;.VBS;.VBE;.JS;.JSE;.WSF;.WSH;.MSC'
    'PROCESSOR_ARCHITECTURE' => 'x86'
    'PROCESSOR_ARCHITEW6432' => 'AMD64'
    'PROCESSOR_IDENTIFIER' => 'Intel64 Family 6 Model 60 Stepping 3, GenuineIntel'
    'PROCESSOR_LEVEL' => '6'
    'PROCESSOR_REVISION' => '3c03'
    'ProgramData' => 'C:\\ProgramData'
    'ProgramFiles' => 'C:\\Program Files (x86)'
    'ProgramFiles(x86)' => 'C:\\Program Files (x86)'
    'ProgramW6432' => 'C:\\Program Files'
    'PROMPT' => '$P$G'
    'PSModulePath' => 'C:\\WINDOWS\\system32\\WindowsPowerShell\\v1.0\\Modules\\'
    'PUBLIC' => 'C:\\Users\\Public'
    'SystemDrive' => 'C:'
    'SystemRoot' => 'C:\\WINDOWS'
    'TEMP' => 'C:\\Users\\ADMINI~1\\AppData\\Local\\Temp'
    'TMP' => 'C:\\Users\\ADMINI~1\\AppData\\Local\\Temp'
    'USERDOMAIN' => 'SKY-20180307VXU'
    'USERDOMAIN_ROAMINGPROFILE' => 'SKY-20180307VXU'
    'USERNAME' => 'Administrator'
    'USERPROFILE' => 'C:\\Users\\Administrator'
    'VBOX_MSI_INSTALL_PATH' => 'C:\\Program Files\\Oracle\\VirtualBox\\'
    'VS100COMNTOOLS' => 'C:\\Program Files (x86)\\Microsoft Visual Studio 10.0\\Common7\\Tools\\'
    'VS140COMNTOOLS' => 'C:\\Program Files (x86)\\Microsoft Visual Studio 14.0\\Common7\\Tools\\'
    'WEBKIT_IGNORE_SSL_ERRORS' => '1'
    'windir' => 'C:\\WINDOWS'
    'HTTP_COOKIE' => 'PHPSESSID=5r1k04lvauk34rh90mh57gm0c5; _csrf_install=4639063d5619d6e191f36ac0364ea19f7771b878bd4eabc1d783d9fdf19112dfa%3A2%3A%7Bi%3A0%3Bs%3A13%3A%22_csrf_install%22%3Bi%3A1%3Bs%3A32%3A%22zRQmg8uWUHqw1mf9PZhgzFyPHIvEJmbt%22%3B%7D; _csrf=0bb3cbf0b49cb7c8b5ee0b1597bcec663a7f962b4f83b7434e370b8e976a6525a%3A2%3A%7Bi%3A0%3Bs%3A5%3A%22_csrf%22%3Bi%3A1%3Bs%3A32%3A%22H779I-FQneE7fk0JtUPdKdteaH7AF_8H%22%3B%7D; BACKEND_FEEHICMS=ott8f7e77mtmub60nb3n4kar21; _csrf_backend=8940492d5a3dfef77f2456352f60e005a2ca2168d24fec14f6bb20a10047e20da%3A2%3A%7Bi%3A0%3Bs%3A13%3A%22_csrf_backend%22%3Bi%3A1%3Bs%3A32%3A%22dkiUwW3r0iAYL_vi_6zrCgNgYhSDlvzv%22%3B%7D'
    'HTTP_ACCEPT_LANGUAGE' => 'zh-CN,zh;q=0.9'
    'HTTP_ACCEPT_ENCODING' => 'gzip, deflate'
    'HTTP_REFERER' => 'http://fee.com:8081/admin/index.php?r=frontend-menu%2Fupdate&id=24'
    'HTTP_ACCEPT' => 'text/html,application/xhtml+xml,application/xml;q=0.9,image/webp,image/apng,*/*;q=0.8'
    'HTTP_USER_AGENT' => 'Mozilla/5.0 (Windows NT 10.0; Win64; x64) AppleWebKit/537.36 (KHTML, like Gecko) Chrome/69.0.3497.100 Safari/537.36'
    'HTTP_UPGRADE_INSECURE_REQUESTS' => '1'
    'HTTP_CACHE_CONTROL' => 'no-cache'
    'HTTP_PRAGMA' => 'no-cache'
    'HTTP_CONNECTION' => 'keep-alive'
    'HTTP_HOST' => 'fee.com:8081'
    'REDIRECT_STATUS' => '200'
    'SERVER_NAME' => 'fee.com'
    'SERVER_PORT' => '8081'
    'SERVER_ADDR' => '127.0.0.1'
    'REMOTE_PORT' => '2799'
    'REMOTE_ADDR' => '127.0.0.1'
    'SERVER_SOFTWARE' => 'nginx/1.11.5'
    'GATEWAY_INTERFACE' => 'CGI/1.1'
    'SERVER_PROTOCOL' => 'HTTP/1.1'
    'DOCUMENT_ROOT' => 'C:\\phpStudy\\PHPTutorial\\WWW\\Feehi_CMS\\frontend\\web'
    'DOCUMENT_URI' => '/admin/index.php'
    'REQUEST_URI' => '/admin/index.php?r=frontend-menu%2Fupdate&id=24'
    'SCRIPT_NAME' => '/admin/index.php'
    'CONTENT_LENGTH' => ''
    'CONTENT_TYPE' => ''
    'REQUEST_METHOD' => 'GET'
    'QUERY_STRING' => 'r=frontend-menu%2Fupdate&id=24'
    'PATH_TRANSLATED' => 'C:\\phpStudy\\PHPTutorial\\WWW\\Feehi_CMS\\frontend\\web'
    'PATH_INFO' => ''
    'SCRIPT_FILENAME' => 'C:\\phpStudy\\PHPTutorial\\WWW\\Feehi_CMS\\frontend\\web/admin/index.php'
    'FCGI_ROLE' => 'RESPONDER'
    'PHP_SELF' => '/admin/index.php'
    'REQUEST_TIME_FLOAT' => 1540362279.3161
    'REQUEST_TIME' => 1540362279
]
2018-10-24 15:01:38 [127.0.0.1][1][ott8f7e77mtmub60nb3n4kar21][error][yii\base\ErrorException:1] exception 'yii\base\ErrorException' with message 'Call to undefined method GuzzleHttp\Url::base()' in C:\phpStudy\PHPTutorial\WWW\Feehi_CMS\common\models\Category.php:179
Stack trace:
#0 C:\phpStudy\PHPTutorial\WWW\Feehi_CMS\vendor\yiisoft\yii2\base\View.php(336): ::unknown()
#1 C:\phpStudy\PHPTutorial\WWW\Feehi_CMS\vendor\yiisoft\yii2\base\View.php(254): yii\base\View->renderPhpFile()
#2 C:\phpStudy\PHPTutorial\WWW\Feehi_CMS\vendor\yiisoft\yii2\base\View.php(156): yii\base\View->renderFile()
#3 C:\phpStudy\PHPTutorial\WWW\Feehi_CMS\backend\views\frontend-menu\update.php(21): yii\base\View->render()
#4 C:\phpStudy\PHPTutorial\WWW\Feehi_CMS\vendor\yiisoft\yii2\base\View.php(336): ::unknown()
#5 C:\phpStudy\PHPTutorial\WWW\Feehi_CMS\vendor\yiisoft\yii2\base\View.php(254): yii\base\View->renderPhpFile()
#6 C:\phpStudy\PHPTutorial\WWW\Feehi_CMS\vendor\yiisoft\yii2\base\View.php(156): yii\base\View->renderFile()
#7 C:\phpStudy\PHPTutorial\WWW\Feehi_CMS\vendor\yiisoft\yii2\base\Controller.php(384): yii\base\View->render()
#8 C:\phpStudy\PHPTutorial\WWW\Feehi_CMS\backend\actions\UpdateAction.php(85): yii\base\Controller->render()
#9 C:\phpStudy\PHPTutorial\WWW\Feehi_CMS\vendor\yiisoft\yii2\base\Action.php(94): backend\actions\UpdateAction->run()
#10 C:\phpStudy\PHPTutorial\WWW\Feehi_CMS\vendor\yiisoft\yii2\base\Action.php(94): ::call_user_func_array:{C:\phpStudy\PHPTutorial\WWW\Feehi_CMS\vendor\yiisoft\yii2\base\Action.php:94}()
#11 C:\phpStudy\PHPTutorial\WWW\Feehi_CMS\vendor\yiisoft\yii2\base\Controller.php(157): yii\base\Action->runWithParams()
#12 C:\phpStudy\PHPTutorial\WWW\Feehi_CMS\vendor\yiisoft\yii2\base\Module.php(528): yii\base\Controller->runAction()
#13 C:\phpStudy\PHPTutorial\WWW\Feehi_CMS\vendor\yiisoft\yii2\web\Application.php(103): yii\base\Module->runAction()
#14 C:\phpStudy\PHPTutorial\WWW\Feehi_CMS\vendor\yiisoft\yii2\base\Application.php(386): yii\web\Application->handleRequest()
#15 C:\phpStudy\PHPTutorial\WWW\Feehi_CMS\frontend\web\admin\index.php(18): yii\base\Application->run()
#16 {main}
2018-10-24 15:01:37 [127.0.0.1][1][ott8f7e77mtmub60nb3n4kar21][info][application] $_GET = [
    'r' => 'frontend-menu/update'
    'id' => '24'
]

$_POST = []

$_FILES = []

$_COOKIE = [
    'PHPSESSID' => '5r1k04lvauk34rh90mh57gm0c5'
    '_csrf_install' => '4639063d5619d6e191f36ac0364ea19f7771b878bd4eabc1d783d9fdf19112dfa:2:{i:0;s:13:\"_csrf_install\";i:1;s:32:\"zRQmg8uWUHqw1mf9PZhgzFyPHIvEJmbt\";}'
    '_csrf' => '0bb3cbf0b49cb7c8b5ee0b1597bcec663a7f962b4f83b7434e370b8e976a6525a:2:{i:0;s:5:\"_csrf\";i:1;s:32:\"H779I-FQneE7fk0JtUPdKdteaH7AF_8H\";}'
    'BACKEND_FEEHICMS' => 'ott8f7e77mtmub60nb3n4kar21'
    '_csrf_backend' => '8940492d5a3dfef77f2456352f60e005a2ca2168d24fec14f6bb20a10047e20da:2:{i:0;s:13:\"_csrf_backend\";i:1;s:32:\"dkiUwW3r0iAYL_vi_6zrCgNgYhSDlvzv\";}'
]

$_SESSION = [
    '__flash' => []
    '__captcha/site/captcha' => 'gszw'
    '__captcha/site/captchacount' => 1
    '_backend_returnUrl' => '/admin/'
    '__backend__id' => '1'
]

$_SERVER = [
    'ALLUSERSPROFILE' => 'C:\\ProgramData'
    'APPDATA' => 'C:\\Users\\Administrator\\AppData\\Roaming'
    'CommonProgramFiles' => 'C:\\Program Files (x86)\\Common Files'
    'CommonProgramFiles(x86)' => 'C:\\Program Files (x86)\\Common Files'
    'CommonProgramW6432' => 'C:\\Program Files\\Common Files'
    'COMPUTERNAME' => 'SKY-20180307VXU'
    'ComSpec' => 'C:\\WINDOWS\\system32\\cmd.exe'
    'DriverData' => 'C:\\Windows\\System32\\Drivers\\DriverData'
    'FPS_BROWSER_APP_PROFILE_STRING' => 'Internet Explorer'
    'FPS_BROWSER_USER_PROFILE_STRING' => 'Default'
    'HOMEDRIVE' => 'C:'
    'HOMEPATH' => '\\Users\\Administrator'
    'LOCALAPPDATA' => 'C:\\Users\\Administrator\\AppData\\Local'
    'LOGONSERVER' => '\\\\SKY-20180307VXU'
    'NUMBER_OF_PROCESSORS' => '4'
    'OneDrive' => 'C:\\Users\\Administrator\\OneDrive'
    'OS' => 'Windows_NT'
    'Path' => 'C:\\WINDOWS\\system32;C:\\WINDOWS;C:\\WINDOWS\\System32\\Wbem;C:\\WINDOWS\\System32\\WindowsPowerShell\\v1.0\\;C:\\phpStudy\\PHPTutorial\\tools\\composer;C:\\phpStudy\\PHPTutorial\\php\\php-5.6.27-nts;C:\\Users\\Administrator\\.dnx\\bin;C:\\Program Files\\Microsoft DNX\\Dnvm\\;C:\\Program Files\\Microsoft SQL Server\\120\\Tools\\Binn\\;C:\\Program Files\\Microsoft SQL Server\\130\\Tools\\Binn\\;C:\\Program Files\\Git\\cmd;C:\\Program Files (x86)\\Microsoft SQL Server\\100\\Tools\\Binn\\;C:\\Program Files\\Microsoft SQL Server\\100\\Tools\\Binn\\;C:\\Program Files\\Microsoft SQL Server\\100\\DTS\\Binn\\;C:\\Program Files (x86)\\Microsoft SQL Server\\100\\Tools\\Binn\\VSShell\\Common7\\IDE\\;C:\\Program Files (x86)\\Microsoft Visual Studio 9.0\\Common7\\IDE\\PrivateAssemblies\\;C:\\Program Files (x86)\\Microsoft SQL Server\\100\\DTS\\Binn\\;C:\\WINDOWS\\System32\\OpenSSH\\;C:\\Users\\Administrator\\AppData\\Local\\Microsoft\\WindowsApps'
    'PATHEXT' => '.COM;.EXE;.BAT;.CMD;.VBS;.VBE;.JS;.JSE;.WSF;.WSH;.MSC'
    'PROCESSOR_ARCHITECTURE' => 'x86'
    'PROCESSOR_ARCHITEW6432' => 'AMD64'
    'PROCESSOR_IDENTIFIER' => 'Intel64 Family 6 Model 60 Stepping 3, GenuineIntel'
    'PROCESSOR_LEVEL' => '6'
    'PROCESSOR_REVISION' => '3c03'
    'ProgramData' => 'C:\\ProgramData'
    'ProgramFiles' => 'C:\\Program Files (x86)'
    'ProgramFiles(x86)' => 'C:\\Program Files (x86)'
    'ProgramW6432' => 'C:\\Program Files'
    'PROMPT' => '$P$G'
    'PSModulePath' => 'C:\\WINDOWS\\system32\\WindowsPowerShell\\v1.0\\Modules\\'
    'PUBLIC' => 'C:\\Users\\Public'
    'SystemDrive' => 'C:'
    'SystemRoot' => 'C:\\WINDOWS'
    'TEMP' => 'C:\\Users\\ADMINI~1\\AppData\\Local\\Temp'
    'TMP' => 'C:\\Users\\ADMINI~1\\AppData\\Local\\Temp'
    'USERDOMAIN' => 'SKY-20180307VXU'
    'USERDOMAIN_ROAMINGPROFILE' => 'SKY-20180307VXU'
    'USERNAME' => 'Administrator'
    'USERPROFILE' => 'C:\\Users\\Administrator'
    'VBOX_MSI_INSTALL_PATH' => 'C:\\Program Files\\Oracle\\VirtualBox\\'
    'VS100COMNTOOLS' => 'C:\\Program Files (x86)\\Microsoft Visual Studio 10.0\\Common7\\Tools\\'
    'VS140COMNTOOLS' => 'C:\\Program Files (x86)\\Microsoft Visual Studio 14.0\\Common7\\Tools\\'
    'WEBKIT_IGNORE_SSL_ERRORS' => '1'
    'windir' => 'C:\\WINDOWS'
    'HTTP_COOKIE' => 'PHPSESSID=5r1k04lvauk34rh90mh57gm0c5; _csrf_install=4639063d5619d6e191f36ac0364ea19f7771b878bd4eabc1d783d9fdf19112dfa%3A2%3A%7Bi%3A0%3Bs%3A13%3A%22_csrf_install%22%3Bi%3A1%3Bs%3A32%3A%22zRQmg8uWUHqw1mf9PZhgzFyPHIvEJmbt%22%3B%7D; _csrf=0bb3cbf0b49cb7c8b5ee0b1597bcec663a7f962b4f83b7434e370b8e976a6525a%3A2%3A%7Bi%3A0%3Bs%3A5%3A%22_csrf%22%3Bi%3A1%3Bs%3A32%3A%22H779I-FQneE7fk0JtUPdKdteaH7AF_8H%22%3B%7D; BACKEND_FEEHICMS=ott8f7e77mtmub60nb3n4kar21; _csrf_backend=8940492d5a3dfef77f2456352f60e005a2ca2168d24fec14f6bb20a10047e20da%3A2%3A%7Bi%3A0%3Bs%3A13%3A%22_csrf_backend%22%3Bi%3A1%3Bs%3A32%3A%22dkiUwW3r0iAYL_vi_6zrCgNgYhSDlvzv%22%3B%7D'
    'HTTP_ACCEPT_LANGUAGE' => 'zh-CN,zh;q=0.9'
    'HTTP_ACCEPT_ENCODING' => 'gzip, deflate'
    'HTTP_REFERER' => 'http://fee.com:8081/admin/index.php?r=frontend-menu%2Fupdate&id=24'
    'HTTP_ACCEPT' => 'text/html,application/xhtml+xml,application/xml;q=0.9,image/webp,image/apng,*/*;q=0.8'
    'HTTP_USER_AGENT' => 'Mozilla/5.0 (Windows NT 10.0; Win64; x64) AppleWebKit/537.36 (KHTML, like Gecko) Chrome/69.0.3497.100 Safari/537.36'
    'HTTP_UPGRADE_INSECURE_REQUESTS' => '1'
    'HTTP_CACHE_CONTROL' => 'no-cache'
    'HTTP_PRAGMA' => 'no-cache'
    'HTTP_CONNECTION' => 'keep-alive'
    'HTTP_HOST' => 'fee.com:8081'
    'REDIRECT_STATUS' => '200'
    'SERVER_NAME' => 'fee.com'
    'SERVER_PORT' => '8081'
    'SERVER_ADDR' => '127.0.0.1'
    'REMOTE_PORT' => '6661'
    'REMOTE_ADDR' => '127.0.0.1'
    'SERVER_SOFTWARE' => 'nginx/1.11.5'
    'GATEWAY_INTERFACE' => 'CGI/1.1'
    'SERVER_PROTOCOL' => 'HTTP/1.1'
    'DOCUMENT_ROOT' => 'C:\\phpStudy\\PHPTutorial\\WWW\\Feehi_CMS\\frontend\\web'
    'DOCUMENT_URI' => '/admin/index.php'
    'REQUEST_URI' => '/admin/index.php?r=frontend-menu%2Fupdate&id=24'
    'SCRIPT_NAME' => '/admin/index.php'
    'CONTENT_LENGTH' => ''
    'CONTENT_TYPE' => ''
    'REQUEST_METHOD' => 'GET'
    'QUERY_STRING' => 'r=frontend-menu%2Fupdate&id=24'
    'PATH_TRANSLATED' => 'C:\\phpStudy\\PHPTutorial\\WWW\\Feehi_CMS\\frontend\\web'
    'PATH_INFO' => ''
    'SCRIPT_FILENAME' => 'C:\\phpStudy\\PHPTutorial\\WWW\\Feehi_CMS\\frontend\\web/admin/index.php'
    'FCGI_ROLE' => 'RESPONDER'
    'PHP_SELF' => '/admin/index.php'
    'REQUEST_TIME_FLOAT' => 1540364497.1486
    'REQUEST_TIME' => 1540364497
]
2018-10-24 15:01:48 [127.0.0.1][1][ott8f7e77mtmub60nb3n4kar21][error][yii\base\ErrorException:1] exception 'yii\base\ErrorException' with message 'Call to undefined method GuzzleHttp\Url::base()' in C:\phpStudy\PHPTutorial\WWW\Feehi_CMS\common\models\Category.php:179
Stack trace:
#0 C:\phpStudy\PHPTutorial\WWW\Feehi_CMS\vendor\yiisoft\yii2\base\View.php(336): ::unknown()
#1 C:\phpStudy\PHPTutorial\WWW\Feehi_CMS\vendor\yiisoft\yii2\base\View.php(254): yii\base\View->renderPhpFile()
#2 C:\phpStudy\PHPTutorial\WWW\Feehi_CMS\vendor\yiisoft\yii2\base\View.php(156): yii\base\View->renderFile()
#3 C:\phpStudy\PHPTutorial\WWW\Feehi_CMS\backend\views\frontend-menu\update.php(21): yii\base\View->render()
#4 C:\phpStudy\PHPTutorial\WWW\Feehi_CMS\vendor\yiisoft\yii2\base\View.php(336): ::unknown()
#5 C:\phpStudy\PHPTutorial\WWW\Feehi_CMS\vendor\yiisoft\yii2\base\View.php(254): yii\base\View->renderPhpFile()
#6 C:\phpStudy\PHPTutorial\WWW\Feehi_CMS\vendor\yiisoft\yii2\base\View.php(156): yii\base\View->renderFile()
#7 C:\phpStudy\PHPTutorial\WWW\Feehi_CMS\vendor\yiisoft\yii2\base\Controller.php(384): yii\base\View->render()
#8 C:\phpStudy\PHPTutorial\WWW\Feehi_CMS\backend\actions\UpdateAction.php(85): yii\base\Controller->render()
#9 C:\phpStudy\PHPTutorial\WWW\Feehi_CMS\vendor\yiisoft\yii2\base\Action.php(94): backend\actions\UpdateAction->run()
#10 C:\phpStudy\PHPTutorial\WWW\Feehi_CMS\vendor\yiisoft\yii2\base\Action.php(94): ::call_user_func_array:{C:\phpStudy\PHPTutorial\WWW\Feehi_CMS\vendor\yiisoft\yii2\base\Action.php:94}()
#11 C:\phpStudy\PHPTutorial\WWW\Feehi_CMS\vendor\yiisoft\yii2\base\Controller.php(157): yii\base\Action->runWithParams()
#12 C:\phpStudy\PHPTutorial\WWW\Feehi_CMS\vendor\yiisoft\yii2\base\Module.php(528): yii\base\Controller->runAction()
#13 C:\phpStudy\PHPTutorial\WWW\Feehi_CMS\vendor\yiisoft\yii2\web\Application.php(103): yii\base\Module->runAction()
#14 C:\phpStudy\PHPTutorial\WWW\Feehi_CMS\vendor\yiisoft\yii2\base\Application.php(386): yii\web\Application->handleRequest()
#15 C:\phpStudy\PHPTutorial\WWW\Feehi_CMS\frontend\web\admin\index.php(18): yii\base\Application->run()
#16 {main}
2018-10-24 15:01:46 [127.0.0.1][1][ott8f7e77mtmub60nb3n4kar21][info][application] $_GET = [
    'r' => 'frontend-menu/update'
    'id' => '24'
]

$_POST = []

$_FILES = []

$_COOKIE = [
    'PHPSESSID' => '5r1k04lvauk34rh90mh57gm0c5'
    '_csrf_install' => '4639063d5619d6e191f36ac0364ea19f7771b878bd4eabc1d783d9fdf19112dfa:2:{i:0;s:13:\"_csrf_install\";i:1;s:32:\"zRQmg8uWUHqw1mf9PZhgzFyPHIvEJmbt\";}'
    '_csrf' => '0bb3cbf0b49cb7c8b5ee0b1597bcec663a7f962b4f83b7434e370b8e976a6525a:2:{i:0;s:5:\"_csrf\";i:1;s:32:\"H779I-FQneE7fk0JtUPdKdteaH7AF_8H\";}'
    'BACKEND_FEEHICMS' => 'ott8f7e77mtmub60nb3n4kar21'
    '_csrf_backend' => '8940492d5a3dfef77f2456352f60e005a2ca2168d24fec14f6bb20a10047e20da:2:{i:0;s:13:\"_csrf_backend\";i:1;s:32:\"dkiUwW3r0iAYL_vi_6zrCgNgYhSDlvzv\";}'
]

$_SESSION = [
    '__flash' => []
    '__captcha/site/captcha' => 'gszw'
    '__captcha/site/captchacount' => 1
    '_backend_returnUrl' => '/admin/'
    '__backend__id' => '1'
]

$_SERVER = [
    'ALLUSERSPROFILE' => 'C:\\ProgramData'
    'APPDATA' => 'C:\\Users\\Administrator\\AppData\\Roaming'
    'CommonProgramFiles' => 'C:\\Program Files (x86)\\Common Files'
    'CommonProgramFiles(x86)' => 'C:\\Program Files (x86)\\Common Files'
    'CommonProgramW6432' => 'C:\\Program Files\\Common Files'
    'COMPUTERNAME' => 'SKY-20180307VXU'
    'ComSpec' => 'C:\\WINDOWS\\system32\\cmd.exe'
    'DriverData' => 'C:\\Windows\\System32\\Drivers\\DriverData'
    'FPS_BROWSER_APP_PROFILE_STRING' => 'Internet Explorer'
    'FPS_BROWSER_USER_PROFILE_STRING' => 'Default'
    'HOMEDRIVE' => 'C:'
    'HOMEPATH' => '\\Users\\Administrator'
    'LOCALAPPDATA' => 'C:\\Users\\Administrator\\AppData\\Local'
    'LOGONSERVER' => '\\\\SKY-20180307VXU'
    'NUMBER_OF_PROCESSORS' => '4'
    'OneDrive' => 'C:\\Users\\Administrator\\OneDrive'
    'OS' => 'Windows_NT'
    'Path' => 'C:\\WINDOWS\\system32;C:\\WINDOWS;C:\\WINDOWS\\System32\\Wbem;C:\\WINDOWS\\System32\\WindowsPowerShell\\v1.0\\;C:\\phpStudy\\PHPTutorial\\tools\\composer;C:\\phpStudy\\PHPTutorial\\php\\php-5.6.27-nts;C:\\Users\\Administrator\\.dnx\\bin;C:\\Program Files\\Microsoft DNX\\Dnvm\\;C:\\Program Files\\Microsoft SQL Server\\120\\Tools\\Binn\\;C:\\Program Files\\Microsoft SQL Server\\130\\Tools\\Binn\\;C:\\Program Files\\Git\\cmd;C:\\Program Files (x86)\\Microsoft SQL Server\\100\\Tools\\Binn\\;C:\\Program Files\\Microsoft SQL Server\\100\\Tools\\Binn\\;C:\\Program Files\\Microsoft SQL Server\\100\\DTS\\Binn\\;C:\\Program Files (x86)\\Microsoft SQL Server\\100\\Tools\\Binn\\VSShell\\Common7\\IDE\\;C:\\Program Files (x86)\\Microsoft Visual Studio 9.0\\Common7\\IDE\\PrivateAssemblies\\;C:\\Program Files (x86)\\Microsoft SQL Server\\100\\DTS\\Binn\\;C:\\WINDOWS\\System32\\OpenSSH\\;C:\\Users\\Administrator\\AppData\\Local\\Microsoft\\WindowsApps'
    'PATHEXT' => '.COM;.EXE;.BAT;.CMD;.VBS;.VBE;.JS;.JSE;.WSF;.WSH;.MSC'
    'PROCESSOR_ARCHITECTURE' => 'x86'
    'PROCESSOR_ARCHITEW6432' => 'AMD64'
    'PROCESSOR_IDENTIFIER' => 'Intel64 Family 6 Model 60 Stepping 3, GenuineIntel'
    'PROCESSOR_LEVEL' => '6'
    'PROCESSOR_REVISION' => '3c03'
    'ProgramData' => 'C:\\ProgramData'
    'ProgramFiles' => 'C:\\Program Files (x86)'
    'ProgramFiles(x86)' => 'C:\\Program Files (x86)'
    'ProgramW6432' => 'C:\\Program Files'
    'PROMPT' => '$P$G'
    'PSModulePath' => 'C:\\WINDOWS\\system32\\WindowsPowerShell\\v1.0\\Modules\\'
    'PUBLIC' => 'C:\\Users\\Public'
    'SystemDrive' => 'C:'
    'SystemRoot' => 'C:\\WINDOWS'
    'TEMP' => 'C:\\Users\\ADMINI~1\\AppData\\Local\\Temp'
    'TMP' => 'C:\\Users\\ADMINI~1\\AppData\\Local\\Temp'
    'USERDOMAIN' => 'SKY-20180307VXU'
    'USERDOMAIN_ROAMINGPROFILE' => 'SKY-20180307VXU'
    'USERNAME' => 'Administrator'
    'USERPROFILE' => 'C:\\Users\\Administrator'
    'VBOX_MSI_INSTALL_PATH' => 'C:\\Program Files\\Oracle\\VirtualBox\\'
    'VS100COMNTOOLS' => 'C:\\Program Files (x86)\\Microsoft Visual Studio 10.0\\Common7\\Tools\\'
    'VS140COMNTOOLS' => 'C:\\Program Files (x86)\\Microsoft Visual Studio 14.0\\Common7\\Tools\\'
    'WEBKIT_IGNORE_SSL_ERRORS' => '1'
    'windir' => 'C:\\WINDOWS'
    'HTTP_COOKIE' => 'PHPSESSID=5r1k04lvauk34rh90mh57gm0c5; _csrf_install=4639063d5619d6e191f36ac0364ea19f7771b878bd4eabc1d783d9fdf19112dfa%3A2%3A%7Bi%3A0%3Bs%3A13%3A%22_csrf_install%22%3Bi%3A1%3Bs%3A32%3A%22zRQmg8uWUHqw1mf9PZhgzFyPHIvEJmbt%22%3B%7D; _csrf=0bb3cbf0b49cb7c8b5ee0b1597bcec663a7f962b4f83b7434e370b8e976a6525a%3A2%3A%7Bi%3A0%3Bs%3A5%3A%22_csrf%22%3Bi%3A1%3Bs%3A32%3A%22H779I-FQneE7fk0JtUPdKdteaH7AF_8H%22%3B%7D; BACKEND_FEEHICMS=ott8f7e77mtmub60nb3n4kar21; _csrf_backend=8940492d5a3dfef77f2456352f60e005a2ca2168d24fec14f6bb20a10047e20da%3A2%3A%7Bi%3A0%3Bs%3A13%3A%22_csrf_backend%22%3Bi%3A1%3Bs%3A32%3A%22dkiUwW3r0iAYL_vi_6zrCgNgYhSDlvzv%22%3B%7D'
    'HTTP_ACCEPT_LANGUAGE' => 'zh-CN,zh;q=0.9'
    'HTTP_ACCEPT_ENCODING' => 'gzip, deflate'
    'HTTP_REFERER' => 'http://fee.com:8081/admin/index.php?r=frontend-menu%2Fupdate&id=24'
    'HTTP_ACCEPT' => 'text/html,application/xhtml+xml,application/xml;q=0.9,image/webp,image/apng,*/*;q=0.8'
    'HTTP_USER_AGENT' => 'Mozilla/5.0 (Windows NT 10.0; Win64; x64) AppleWebKit/537.36 (KHTML, like Gecko) Chrome/69.0.3497.100 Safari/537.36'
    'HTTP_UPGRADE_INSECURE_REQUESTS' => '1'
    'HTTP_CACHE_CONTROL' => 'no-cache'
    'HTTP_PRAGMA' => 'no-cache'
    'HTTP_CONNECTION' => 'keep-alive'
    'HTTP_HOST' => 'fee.com:8081'
    'REDIRECT_STATUS' => '200'
    'SERVER_NAME' => 'fee.com'
    'SERVER_PORT' => '8081'
    'SERVER_ADDR' => '127.0.0.1'
    'REMOTE_PORT' => '6661'
    'REMOTE_ADDR' => '127.0.0.1'
    'SERVER_SOFTWARE' => 'nginx/1.11.5'
    'GATEWAY_INTERFACE' => 'CGI/1.1'
    'SERVER_PROTOCOL' => 'HTTP/1.1'
    'DOCUMENT_ROOT' => 'C:\\phpStudy\\PHPTutorial\\WWW\\Feehi_CMS\\frontend\\web'
    'DOCUMENT_URI' => '/admin/index.php'
    'REQUEST_URI' => '/admin/index.php?r=frontend-menu%2Fupdate&id=24'
    'SCRIPT_NAME' => '/admin/index.php'
    'CONTENT_LENGTH' => ''
    'CONTENT_TYPE' => ''
    'REQUEST_METHOD' => 'GET'
    'QUERY_STRING' => 'r=frontend-menu%2Fupdate&id=24'
    'PATH_TRANSLATED' => 'C:\\phpStudy\\PHPTutorial\\WWW\\Feehi_CMS\\frontend\\web'
    'PATH_INFO' => ''
    'SCRIPT_FILENAME' => 'C:\\phpStudy\\PHPTutorial\\WWW\\Feehi_CMS\\frontend\\web/admin/index.php'
    'FCGI_ROLE' => 'RESPONDER'
    'PHP_SELF' => '/admin/index.php'
    'REQUEST_TIME_FLOAT' => 1540364506.8193
    'REQUEST_TIME' => 1540364506
]
2018-10-24 15:10:44 [127.0.0.1][1][ott8f7e77mtmub60nb3n4kar21][error][yii\base\ErrorException:8] exception 'yii\base\ErrorException' with message 'Undefined offset: 0' in C:\phpStudy\PHPTutorial\WWW\Feehi_CMS\vendor\yiisoft\yii2\helpers\BaseUrl.php:99
Stack trace:
#0 C:\phpStudy\PHPTutorial\WWW\Feehi_CMS\backend\views\frontend-menu\_form.php(84): common\models\Category::getMenuCategories()
#1 C:\phpStudy\PHPTutorial\WWW\Feehi_CMS\vendor\yiisoft\yii2\base\View.php(336): ::unknown()
#2 C:\phpStudy\PHPTutorial\WWW\Feehi_CMS\vendor\yiisoft\yii2\base\View.php(254): yii\base\View->renderPhpFile()
#3 C:\phpStudy\PHPTutorial\WWW\Feehi_CMS\vendor\yiisoft\yii2\base\View.php(156): yii\base\View->renderFile()
#4 C:\phpStudy\PHPTutorial\WWW\Feehi_CMS\backend\views\frontend-menu\update.php(21): yii\base\View->render()
#5 C:\phpStudy\PHPTutorial\WWW\Feehi_CMS\vendor\yiisoft\yii2\base\View.php(336): ::unknown()
#6 C:\phpStudy\PHPTutorial\WWW\Feehi_CMS\vendor\yiisoft\yii2\base\View.php(254): yii\base\View->renderPhpFile()
#7 C:\phpStudy\PHPTutorial\WWW\Feehi_CMS\vendor\yiisoft\yii2\base\View.php(156): yii\base\View->renderFile()
#8 C:\phpStudy\PHPTutorial\WWW\Feehi_CMS\vendor\yiisoft\yii2\base\Controller.php(384): yii\base\View->render()
#9 C:\phpStudy\PHPTutorial\WWW\Feehi_CMS\backend\actions\UpdateAction.php(85): yii\base\Controller->render()
#10 C:\phpStudy\PHPTutorial\WWW\Feehi_CMS\vendor\yiisoft\yii2\base\Action.php(94): backend\actions\UpdateAction->run()
#11 C:\phpStudy\PHPTutorial\WWW\Feehi_CMS\vendor\yiisoft\yii2\base\Action.php(94): ::call_user_func_array:{C:\phpStudy\PHPTutorial\WWW\Feehi_CMS\vendor\yiisoft\yii2\base\Action.php:94}()
#12 C:\phpStudy\PHPTutorial\WWW\Feehi_CMS\vendor\yiisoft\yii2\base\Controller.php(157): yii\base\Action->runWithParams()
#13 C:\phpStudy\PHPTutorial\WWW\Feehi_CMS\vendor\yiisoft\yii2\base\Module.php(528): yii\base\Controller->runAction()
#14 C:\phpStudy\PHPTutorial\WWW\Feehi_CMS\vendor\yiisoft\yii2\web\Application.php(103): yii\base\Module->runAction()
#15 C:\phpStudy\PHPTutorial\WWW\Feehi_CMS\vendor\yiisoft\yii2\base\Application.php(386): yii\web\Application->handleRequest()
#16 C:\phpStudy\PHPTutorial\WWW\Feehi_CMS\frontend\web\admin\index.php(18): yii\base\Application->run()
#17 {main}
2018-10-24 15:10:43 [127.0.0.1][1][ott8f7e77mtmub60nb3n4kar21][info][application] $_GET = [
    'r' => 'frontend-menu/update'
    'id' => '24'
]

$_POST = []

$_FILES = []

$_COOKIE = [
    'PHPSESSID' => '5r1k04lvauk34rh90mh57gm0c5'
    '_csrf_install' => '4639063d5619d6e191f36ac0364ea19f7771b878bd4eabc1d783d9fdf19112dfa:2:{i:0;s:13:\"_csrf_install\";i:1;s:32:\"zRQmg8uWUHqw1mf9PZhgzFyPHIvEJmbt\";}'
    '_csrf' => '0bb3cbf0b49cb7c8b5ee0b1597bcec663a7f962b4f83b7434e370b8e976a6525a:2:{i:0;s:5:\"_csrf\";i:1;s:32:\"H779I-FQneE7fk0JtUPdKdteaH7AF_8H\";}'
    'BACKEND_FEEHICMS' => 'ott8f7e77mtmub60nb3n4kar21'
    '_csrf_backend' => '8940492d5a3dfef77f2456352f60e005a2ca2168d24fec14f6bb20a10047e20da:2:{i:0;s:13:\"_csrf_backend\";i:1;s:32:\"dkiUwW3r0iAYL_vi_6zrCgNgYhSDlvzv\";}'
]

$_SESSION = [
    '__flash' => []
    '__captcha/site/captcha' => 'gszw'
    '__captcha/site/captchacount' => 1
    '_backend_returnUrl' => '/admin/'
    '__backend__id' => '1'
]

$_SERVER = [
    'ALLUSERSPROFILE' => 'C:\\ProgramData'
    'APPDATA' => 'C:\\Users\\Administrator\\AppData\\Roaming'
    'CommonProgramFiles' => 'C:\\Program Files (x86)\\Common Files'
    'CommonProgramFiles(x86)' => 'C:\\Program Files (x86)\\Common Files'
    'CommonProgramW6432' => 'C:\\Program Files\\Common Files'
    'COMPUTERNAME' => 'SKY-20180307VXU'
    'ComSpec' => 'C:\\WINDOWS\\system32\\cmd.exe'
    'DriverData' => 'C:\\Windows\\System32\\Drivers\\DriverData'
    'FPS_BROWSER_APP_PROFILE_STRING' => 'Internet Explorer'
    'FPS_BROWSER_USER_PROFILE_STRING' => 'Default'
    'HOMEDRIVE' => 'C:'
    'HOMEPATH' => '\\Users\\Administrator'
    'LOCALAPPDATA' => 'C:\\Users\\Administrator\\AppData\\Local'
    'LOGONSERVER' => '\\\\SKY-20180307VXU'
    'NUMBER_OF_PROCESSORS' => '4'
    'OneDrive' => 'C:\\Users\\Administrator\\OneDrive'
    'OS' => 'Windows_NT'
    'Path' => 'C:\\WINDOWS\\system32;C:\\WINDOWS;C:\\WINDOWS\\System32\\Wbem;C:\\WINDOWS\\System32\\WindowsPowerShell\\v1.0\\;C:\\phpStudy\\PHPTutorial\\tools\\composer;C:\\phpStudy\\PHPTutorial\\php\\php-5.6.27-nts;C:\\Users\\Administrator\\.dnx\\bin;C:\\Program Files\\Microsoft DNX\\Dnvm\\;C:\\Program Files\\Microsoft SQL Server\\120\\Tools\\Binn\\;C:\\Program Files\\Microsoft SQL Server\\130\\Tools\\Binn\\;C:\\Program Files\\Git\\cmd;C:\\Program Files (x86)\\Microsoft SQL Server\\100\\Tools\\Binn\\;C:\\Program Files\\Microsoft SQL Server\\100\\Tools\\Binn\\;C:\\Program Files\\Microsoft SQL Server\\100\\DTS\\Binn\\;C:\\Program Files (x86)\\Microsoft SQL Server\\100\\Tools\\Binn\\VSShell\\Common7\\IDE\\;C:\\Program Files (x86)\\Microsoft Visual Studio 9.0\\Common7\\IDE\\PrivateAssemblies\\;C:\\Program Files (x86)\\Microsoft SQL Server\\100\\DTS\\Binn\\;C:\\WINDOWS\\System32\\OpenSSH\\;C:\\Users\\Administrator\\AppData\\Local\\Microsoft\\WindowsApps'
    'PATHEXT' => '.COM;.EXE;.BAT;.CMD;.VBS;.VBE;.JS;.JSE;.WSF;.WSH;.MSC'
    'PROCESSOR_ARCHITECTURE' => 'x86'
    'PROCESSOR_ARCHITEW6432' => 'AMD64'
    'PROCESSOR_IDENTIFIER' => 'Intel64 Family 6 Model 60 Stepping 3, GenuineIntel'
    'PROCESSOR_LEVEL' => '6'
    'PROCESSOR_REVISION' => '3c03'
    'ProgramData' => 'C:\\ProgramData'
    'ProgramFiles' => 'C:\\Program Files (x86)'
    'ProgramFiles(x86)' => 'C:\\Program Files (x86)'
    'ProgramW6432' => 'C:\\Program Files'
    'PROMPT' => '$P$G'
    'PSModulePath' => 'C:\\WINDOWS\\system32\\WindowsPowerShell\\v1.0\\Modules\\'
    'PUBLIC' => 'C:\\Users\\Public'
    'SystemDrive' => 'C:'
    'SystemRoot' => 'C:\\WINDOWS'
    'TEMP' => 'C:\\Users\\ADMINI~1\\AppData\\Local\\Temp'
    'TMP' => 'C:\\Users\\ADMINI~1\\AppData\\Local\\Temp'
    'USERDOMAIN' => 'SKY-20180307VXU'
    'USERDOMAIN_ROAMINGPROFILE' => 'SKY-20180307VXU'
    'USERNAME' => 'Administrator'
    'USERPROFILE' => 'C:\\Users\\Administrator'
    'VBOX_MSI_INSTALL_PATH' => 'C:\\Program Files\\Oracle\\VirtualBox\\'
    'VS100COMNTOOLS' => 'C:\\Program Files (x86)\\Microsoft Visual Studio 10.0\\Common7\\Tools\\'
    'VS140COMNTOOLS' => 'C:\\Program Files (x86)\\Microsoft Visual Studio 14.0\\Common7\\Tools\\'
    'WEBKIT_IGNORE_SSL_ERRORS' => '1'
    'windir' => 'C:\\WINDOWS'
    'HTTP_COOKIE' => 'PHPSESSID=5r1k04lvauk34rh90mh57gm0c5; _csrf_install=4639063d5619d6e191f36ac0364ea19f7771b878bd4eabc1d783d9fdf19112dfa%3A2%3A%7Bi%3A0%3Bs%3A13%3A%22_csrf_install%22%3Bi%3A1%3Bs%3A32%3A%22zRQmg8uWUHqw1mf9PZhgzFyPHIvEJmbt%22%3B%7D; _csrf=0bb3cbf0b49cb7c8b5ee0b1597bcec663a7f962b4f83b7434e370b8e976a6525a%3A2%3A%7Bi%3A0%3Bs%3A5%3A%22_csrf%22%3Bi%3A1%3Bs%3A32%3A%22H779I-FQneE7fk0JtUPdKdteaH7AF_8H%22%3B%7D; BACKEND_FEEHICMS=ott8f7e77mtmub60nb3n4kar21; _csrf_backend=8940492d5a3dfef77f2456352f60e005a2ca2168d24fec14f6bb20a10047e20da%3A2%3A%7Bi%3A0%3Bs%3A13%3A%22_csrf_backend%22%3Bi%3A1%3Bs%3A32%3A%22dkiUwW3r0iAYL_vi_6zrCgNgYhSDlvzv%22%3B%7D'
    'HTTP_ACCEPT_LANGUAGE' => 'zh-CN,zh;q=0.9'
    'HTTP_ACCEPT_ENCODING' => 'gzip, deflate'
    'HTTP_REFERER' => 'http://fee.com:8081/admin/index.php?r=frontend-menu%2Fupdate&id=24'
    'HTTP_ACCEPT' => 'text/html,application/xhtml+xml,application/xml;q=0.9,image/webp,image/apng,*/*;q=0.8'
    'HTTP_USER_AGENT' => 'Mozilla/5.0 (Windows NT 10.0; Win64; x64) AppleWebKit/537.36 (KHTML, like Gecko) Chrome/69.0.3497.100 Safari/537.36'
    'HTTP_UPGRADE_INSECURE_REQUESTS' => '1'
    'HTTP_CACHE_CONTROL' => 'no-cache'
    'HTTP_PRAGMA' => 'no-cache'
    'HTTP_CONNECTION' => 'keep-alive'
    'HTTP_HOST' => 'fee.com:8081'
    'REDIRECT_STATUS' => '200'
    'SERVER_NAME' => 'fee.com'
    'SERVER_PORT' => '8081'
    'SERVER_ADDR' => '127.0.0.1'
    'REMOTE_PORT' => '7644'
    'REMOTE_ADDR' => '127.0.0.1'
    'SERVER_SOFTWARE' => 'nginx/1.11.5'
    'GATEWAY_INTERFACE' => 'CGI/1.1'
    'SERVER_PROTOCOL' => 'HTTP/1.1'
    'DOCUMENT_ROOT' => 'C:\\phpStudy\\PHPTutorial\\WWW\\Feehi_CMS\\frontend\\web'
    'DOCUMENT_URI' => '/admin/index.php'
    'REQUEST_URI' => '/admin/index.php?r=frontend-menu%2Fupdate&id=24'
    'SCRIPT_NAME' => '/admin/index.php'
    'CONTENT_LENGTH' => ''
    'CONTENT_TYPE' => ''
    'REQUEST_METHOD' => 'GET'
    'QUERY_STRING' => 'r=frontend-menu%2Fupdate&id=24'
    'PATH_TRANSLATED' => 'C:\\phpStudy\\PHPTutorial\\WWW\\Feehi_CMS\\frontend\\web'
    'PATH_INFO' => ''
    'SCRIPT_FILENAME' => 'C:\\phpStudy\\PHPTutorial\\WWW\\Feehi_CMS\\frontend\\web/admin/index.php'
    'FCGI_ROLE' => 'RESPONDER'
    'PHP_SELF' => '/admin/index.php'
    'REQUEST_TIME_FLOAT' => 1540365043.2869
    'REQUEST_TIME' => 1540365043
]
